mode: count
github.com/nishchaydeep15/go-task-api/storage/filestore.go:16.47,18.2 1 9
github.com/nishchaydeep15/go-task-api/storage/filestore.go:20.49,25.16 4 6
github.com/nishchaydeep15/go-task-api/storage/filestore.go:25.16,27.3 1 0
github.com/nishchaydeep15/go-task-api/storage/filestore.go:28.2,29.28 2 6
github.com/nishchaydeep15/go-task-api/storage/filestore.go:32.52,37.16 4 2
github.com/nishchaydeep15/go-task-api/storage/filestore.go:37.16,39.3 1 0
github.com/nishchaydeep15/go-task-api/storage/filestore.go:41.2,42.26 2 2
github.com/nishchaydeep15/go-task-api/storage/filestore.go:42.26,43.26 1 2
github.com/nishchaydeep15/go-task-api/storage/filestore.go:43.26,45.4 1 1
github.com/nishchaydeep15/go-task-api/storage/filestore.go:47.2,47.31 1 2
github.com/nishchaydeep15/go-task-api/storage/filestore.go:50.52,52.2 1 8
github.com/nishchaydeep15/go-task-api/storage/filestore.go:54.58,55.55 1 18
github.com/nishchaydeep15/go-task-api/storage/filestore.go:55.55,57.3 1 8
github.com/nishchaydeep15/go-task-api/storage/filestore.go:59.2,60.16 2 10
github.com/nishchaydeep15/go-task-api/storage/filestore.go:60.16,62.3 1 0
github.com/nishchaydeep15/go-task-api/storage/filestore.go:64.2,66.19 3 10
github.com/nishchaydeep15/go-task-api/storage/filestore.go:69.58,71.16 2 9
github.com/nishchaydeep15/go-task-api/storage/filestore.go:71.16,73.3 1 0
github.com/nishchaydeep15/go-task-api/storage/filestore.go:74.2,74.45 1 9
github.com/nishchaydeep15/go-task-api/storage/filestore.go:76.52,81.16 4 2
github.com/nishchaydeep15/go-task-api/storage/filestore.go:81.16,83.3 1 0
github.com/nishchaydeep15/go-task-api/storage/filestore.go:84.2,84.26 1 2
github.com/nishchaydeep15/go-task-api/storage/filestore.go:84.26,85.26 1 1
github.com/nishchaydeep15/go-task-api/storage/filestore.go:85.26,88.4 2 1
github.com/nishchaydeep15/go-task-api/storage/filestore.go:90.2,90.12 1 1
github.com/nishchaydeep15/go-task-api/storage/memorystore.go:14.36,18.2 1 9
github.com/nishchaydeep15/go-task-api/storage/memorystore.go:20.51,25.2 4 8
github.com/nishchaydeep15/go-task-api/storage/memorystore.go:27.54,31.28 4 2
github.com/nishchaydeep15/go-task-api/storage/memorystore.go:31.28,32.26 1 2
github.com/nishchaydeep15/go-task-api/storage/memorystore.go:32.26,34.4 1 1
github.com/nishchaydeep15/go-task-api/storage/memorystore.go:36.2,37.12 2 2
github.com/nishchaydeep15/go-task-api/storage/memorystore.go:40.54,46.2 5 11
github.com/nishchaydeep15/go-task-api/storage/memorystore.go:48.54,52.28 3 2
github.com/nishchaydeep15/go-task-api/storage/memorystore.go:52.28,53.26 1 1
github.com/nishchaydeep15/go-task-api/storage/memorystore.go:53.26,56.4 2 1
github.com/nishchaydeep15/go-task-api/storage/memorystore.go:58.2,58.12 1 1
github.com/nishchaydeep15/go-task-api/storage/storage.go:19.32,20.29 1 0
github.com/nishchaydeep15/go-task-api/storage/storage.go:21.14,22.49 1 0
github.com/nishchaydeep15/go-task-api/storage/storage.go:23.16,24.27 1 0
github.com/nishchaydeep15/go-task-api/storage/storage.go:25.10,26.69 1 0
github.com/nishchaydeep15/go-task-api/storage/storage.go:28.2,28.12 1 0
github.com/nishchaydeep15/go-task-api/storage/sum.go:3.24,5.2 1 11
